absl-py==0.1.10
appdirs==1.4.3
attrs==17.4.0
bleach==1.5.0
certifi==2018.1.18
click==6.7
decorator==4.2.1
enum34==1.1.6
Flask==0.12.2
future==0.16.0
html5lib==0.9999999
itsdangerous==0.24
Jinja2==2.10
Keras==2.1.4
Mako==1.0.7
Markdown==2.6.11
MarkupSafe==1.0
numpy==1.14.1
Pillow==5.0.0
pluggy==0.6.0
protobuf==3.5.1
py==1.5.2
pycuda==2017.1.1
pytest==3.4.1
pytools==2017.6
PyYAML==3.12
scipy==1.0.0
six==1.11.0
tensorflow==1.5.0
tensorflow-tensorboard==1.5.1
tensorrt==3.0.4
torch==0.3.1
torchvision==0.2.0
uff==0.2.0
Werkzeug==0.14.1
